# JRE version: OpenJDK Runtime Environment Microsoft-13106404 (21.0.10+7) (build 21.0.10+7-LTS)
# Java VM: OpenJDK 64-Bit Server VM Microsoft-13106404 (21.0.10+7-LTS, mixed mode, sharing, tiered, compressed oops, compressed class ptrs, g1 gc, windows-amd64)
GC Precious Log:
 CardTable entry size: 512
 Card Set container configuration: InlinePtr #cards 4 size 8 Array Of Cards #cards 16 size 48 Howl #buckets 8 coarsen threshold 3686 Howl Bitmap #cards 512 size 80 coarsen threshold 460 Card regions per heap region 1 cards per card region 4096
 CPUs: 12 total, 12 available
 Memory: 16016M
 Large Page Support: Disabled
 NUMA Support: Disabled
 Compressed Oops: Enabled (Zero based)
 Heap Region Size: 2M
 Heap Min Capacity: 8M
 Heap Initial Capacity: 252M
 Heap Max Capacity: 4006M
 Pre-touch: Disabled
 Parallel Workers: 10
 Concurrent Workers: 3
 Concurrent Refinement Workers: 10
 Periodic GC: Disabled
Heap:
 garbage-first heap   total 258048K, used 118089K [0x0000000705a00000, 0x0000000800000000)
  region size 2048K, 57 young (116736K), 6 survivors (12288K)
 Metaspace       used 20702K, committed 21120K, reserved 1114112K
  class space    used 2370K, committed 2560K, reserved 1048576K
GC Heap History (6 events):
Event: 1.477 GC heap before
{Heap before GC invocations=0 (full 0):
 garbage-first heap   total 258048K, used 22528K [0x0000000705a00000, 0x0000000800000000)
  region size 2048K, 11 young (22528K), 0 survivors (0K)
 Metaspace       used 6901K, committed 7232K, reserved 1114112K
  class space    used 787K, committed 960K, reserved 1048576K
}
Event: 1.488 GC heap after
{Heap after GC invocations=1 (full 0):
 garbage-first heap   total 258048K, used 4990K [0x0000000705a00000, 0x0000000800000000)
  region size 2048K, 2 young (4096K), 2 survivors (4096K)
 Metaspace       used 6901K, committed 7232K, reserved 1114112K
  class space    used 787K, committed 960K, reserved 1048576K
}
Event: 2.062 GC heap before
{Heap before GC invocations=1 (full 0):
 garbage-first heap   total 258048K, used 31614K [0x0000000705a00000, 0x0000000800000000)
  region size 2048K, 16 young (32768K), 2 survivors (4096K)
 Metaspace       used 10705K, committed 10944K, reserved 1114112K
  class space    used 1284K, committed 1408K, reserved 1048576K
}
Event: 2.068 GC heap after
{Heap after GC invocations=2 (full 0):
 garbage-first heap   total 258048K, used 6642K [0x0000000705a00000, 0x0000000800000000)
  region size 2048K, 1 young (2048K), 1 survivors (2048K)
 Metaspace       used 10705K, committed 10944K, reserved 1114112K
  class space    used 1284K, committed 1408K, reserved 1048576K
}
Event: 4.986 GC heap before
{Heap before GC invocations=2 (full 0):
 garbage-first heap   total 258048K, used 96754K [0x0000000705a00000, 0x0000000800000000)
  region size 2048K, 46 young (94208K), 1 survivors (2048K)
 Metaspace       used 19781K, committed 20160K, reserved 1114112K
  class space    used 2359K, committed 2560K, reserved 1048576K
}
Event: 4.994 GC heap after
{Heap after GC invocations=3 (full 0):
 garbage-first heap   total 258048K, used 15689K [0x0000000705a00000, 0x0000000800000000)
  region size 2048K, 6 young (12288K), 6 survivors (12288K)
 Metaspace       used 19781K, committed 20160K, reserved 1114112K
  class space    used 2359K, committed 2560K, reserved 1048576K
}

